{
  "stats": {
    "suites": 1,
    "tests": 5,
    "passes": 5,
    "pending": 0,
    "failures": 0,
    "start": "2018-04-27T12:23:10.674Z",
    "end": "2018-04-27T12:25:00.628Z",
    "duration": 109954,
    "testsRegistered": 5,
    "passPercent": 100,
    "pendingPercent": 0,
    "other": 0,
    "hasOther": false,
    "skipped": 0,
    "hasSkipped": false,
    "passPercentClass": "success",
    "pendingPercentClass": "danger"
  },
  "suites": {
    "uuid": "c867ffb3-9dfb-49a0-b3eb-68ab9a553930",
    "title": "",
    "fullFile": "",
    "file": "",
    "beforeHooks": [],
    "afterHooks": [],
    "tests": [],
    "suites": [
      {
        "uuid": "639b961b-2cfe-484b-8851-6612d4f7dbb0",
        "title": "CCD login logout & feedback functionality",
        "fullFile": "/Users/roopa/Documents/Work/Poc/jui-webapp/paths/end2end.js",
        "file": "/paths/end2end.js",
        "beforeHooks": [
          {
            "title": "\"before all\" hook: codeceptjs.beforeSuite",
            "fullTitle": "CCD login logout & feedback functionality \"before all\" hook: codeceptjs.beforeSuite",
            "timedOut": false,
            "duration": 7,
            "pass": false,
            "fail": false,
            "pending": false,
            "code": "scenario.suiteSetup(suite)",
            "err": {},
            "isRoot": false,
            "uuid": "a68cad7c-6d66-4295-8338-d757ca392212",
            "isHook": true,
            "skipped": false
          },
          {
            "title": "\"before each\" hook: codeceptjs.before",
            "fullTitle": "CCD login logout & feedback functionality \"before each\" hook: codeceptjs.before",
            "timedOut": false,
            "duration": 0,
            "pass": false,
            "fail": false,
            "pending": false,
            "code": "scenario.setup(suite)",
            "err": {},
            "isRoot": false,
            "uuid": "ccf00ea7-034d-4a74-8952-4e782e02cb94",
            "isHook": true,
            "skipped": false
          },
          {
            "title": "\"before each\" hook: Before",
            "fullTitle": "CCD login logout & feedback functionality \"before each\" hook: Before",
            "timedOut": false,
            "duration": 10747,
            "pass": false,
            "fail": false,
            "pending": false,
            "code": "I.amOnPage('/');\n  browser.ignoreSynchronization = true;\n  browser.waitForAngular();\n  browser.sleep(500);\n  I.wait(10);",
            "err": {},
            "isRoot": false,
            "uuid": "ac5bf158-630e-4c4c-aba1-e4d34b17b80d",
            "isHook": true,
            "skipped": false
          }
        ],
        "afterHooks": [
          {
            "title": "\"after all\" hook: codeceptjs.afterSuite",
            "fullTitle": "CCD login logout & feedback functionality \"after all\" hook: codeceptjs.afterSuite",
            "timedOut": false,
            "duration": 0,
            "pass": false,
            "fail": false,
            "pending": false,
            "code": "scenario.suiteTeardown(suite)",
            "err": {},
            "isRoot": false,
            "uuid": "fd07deac-ff9d-4717-a489-6248bdf88f9e",
            "isHook": true,
            "skipped": false
          },
          {
            "title": "\"after each\" hook: finalize codeceptjs",
            "fullTitle": "CCD login logout & feedback functionality \"after each\" hook: finalize codeceptjs",
            "timedOut": false,
            "duration": 29,
            "pass": false,
            "fail": false,
            "pending": false,
            "code": "scenario.teardown(suite)",
            "err": {},
            "isRoot": false,
            "uuid": "abd298cb-89b2-43e7-891e-aff0115dfe15",
            "isHook": true,
            "skipped": false
          }
        ],
        "tests": [
          {
            "title": "ccd signin",
            "fullTitle": "CCD login logout & feedback functionality: ccd signin",
            "timedOut": false,
            "duration": 5230,
            "state": "passed",
            "speed": "slow",
            "pass": true,
            "fail": false,
            "pending": false,
            "code": "I.signIn();",
            "err": {},
            "isRoot": false,
            "uuid": "a5b39968-5efd-4307-928b-437b714164a4",
            "isHook": false,
            "skipped": false
          },
          {
            "title": "Invalid Signin",
            "fullTitle": "CCD login logout & feedback functionality: Invalid Signin",
            "timedOut": false,
            "duration": 1400,
            "state": "passed",
            "speed": "slow",
            "pass": true,
            "fail": false,
            "pending": false,
            "code": "I.invalidSignIn();",
            "err": {},
            "isRoot": false,
            "uuid": "c1663bd9-99e2-4246-a878-bcd450e99059",
            "isHook": false,
            "skipped": false
          },
          {
            "title": "feedback",
            "fullTitle": "CCD login logout & feedback functionality: feedback",
            "timedOut": false,
            "duration": 2911,
            "state": "passed",
            "speed": "slow",
            "pass": true,
            "fail": false,
            "pending": false,
            "code": "I.yourFeedback();",
            "err": {},
            "isRoot": false,
            "uuid": "9ddd8971-e58a-4026-90bf-92ebf2a14ce8",
            "isHook": false,
            "skipped": false
          },
          {
            "title": "signout",
            "fullTitle": "CCD login logout & feedback functionality: signout",
            "timedOut": false,
            "duration": 4378,
            "state": "passed",
            "speed": "slow",
            "pass": true,
            "fail": false,
            "pending": false,
            "code": "I.signOut();",
            "err": {},
            "isRoot": false,
            "uuid": "b716ab4d-471a-4460-80da-5e563a42a21f",
            "isHook": false,
            "skipped": false
          },
          {
            "title": "search ccd cases",
            "fullTitle": "CCD login logout & feedback functionality: search ccd cases",
            "timedOut": false,
            "duration": 37179,
            "state": "passed",
            "speed": "slow",
            "pass": true,
            "fail": false,
            "pending": false,
            "code": "I.invalidSearch();",
            "err": {},
            "isRoot": false,
            "uuid": "5ea6b4d0-3e06-4c13-a303-72f7614f55e0",
            "isHook": false,
            "skipped": false
          }
        ],
        "suites": [],
        "passes": [
          "a5b39968-5efd-4307-928b-437b714164a4",
          "c1663bd9-99e2-4246-a878-bcd450e99059",
          "9ddd8971-e58a-4026-90bf-92ebf2a14ce8",
          "b716ab4d-471a-4460-80da-5e563a42a21f",
          "5ea6b4d0-3e06-4c13-a303-72f7614f55e0"
        ],
        "failures": [],
        "pending": [],
        "skipped": [],
        "duration": 51098,
        "root": false,
        "rootEmpty": false,
        "_timeout": 0
      }
    ],
    "passes": [],
    "failures": [],
    "pending": [],
    "skipped": [],
    "duration": 0,
    "root": true,
    "rootEmpty": true,
    "_timeout": 0
  },
  "copyrightYear": 2018
}