{
  "stats": {
    "suites": 1,
    "tests": 1,
    "passes": 0,
    "pending": 0,
    "failures": 1,
    "start": "2018-06-06T11:45:31.400Z",
    "end": "2018-06-06T11:45:33.848Z",
    "duration": 2448,
    "testsRegistered": 1,
    "passPercent": 0,
    "pendingPercent": 0,
    "other": 1,
    "hasOther": true,
    "skipped": 0,
    "hasSkipped": false,
    "passPercentClass": "danger",
    "pendingPercentClass": "danger"
  },
  "suites": {
    "uuid": "b8527c8b-a5f1-49bc-8dfe-142e5b728714",
    "title": "",
    "fullFile": "",
    "file": "",
    "beforeHooks": [],
    "afterHooks": [],
    "tests": [],
    "suites": [
      {
        "uuid": "fceecbee-3e73-494c-a973-6a00e34843d6",
        "title": "CCD login logout & feedback functionality",
        "fullFile": "/Users/roopa/Documents/Work/Poc/jui-webapp/codecept-e2e/paths/end2end.js",
        "file": "/codecept-e2e/paths/end2end.js",
        "beforeHooks": [
          {
            "title": "\"before all\" hook: codeceptjs.beforeSuite",
            "fullTitle": "CCD login logout & feedback functionality \"before all\" hook: codeceptjs.beforeSuite",
            "timedOut": false,
            "duration": 712,
            "pass": false,
            "fail": false,
            "pending": false,
            "code": "scenario.suiteSetup(suite)",
            "err": {},
            "isRoot": false,
            "uuid": "8328888d-d118-458c-a19b-2483b0f1a64c",
            "isHook": true,
            "skipped": false
          },
          {
            "title": "\"before each\" hook: codeceptjs.before",
            "fullTitle": "CCD login logout & feedback functionality \"before each\" hook: codeceptjs.before",
            "timedOut": false,
            "duration": 0,
            "pass": false,
            "fail": false,
            "pending": false,
            "code": "scenario.setup(suite)",
            "err": {},
            "isRoot": false,
            "uuid": "93c91157-dfc0-49d0-9db6-d87c2cb4c118",
            "isHook": true,
            "skipped": false
          },
          {
            "title": "\"before each\" hook: Before",
            "fullTitle": "CCD login logout & feedback functionality \"before each\" hook: Before",
            "timedOut": false,
            "duration": 772,
            "pass": false,
            "fail": false,
            "pending": false,
            "code": "I.amOnPage('/');",
            "err": {},
            "isRoot": false,
            "uuid": "6ee56af1-30a7-466d-8472-3a59dfce29db",
            "isHook": true,
            "skipped": false
          }
        ],
        "afterHooks": [
          {
            "title": "\"after all\" hook: codeceptjs.afterSuite",
            "fullTitle": "CCD login logout & feedback functionality \"after all\" hook: codeceptjs.afterSuite",
            "timedOut": false,
            "duration": 0,
            "pass": false,
            "fail": false,
            "pending": false,
            "code": "scenario.suiteTeardown(suite)",
            "err": {},
            "isRoot": false,
            "uuid": "b4f08310-78d3-422e-b72d-7164ea6d9dac",
            "isHook": true,
            "skipped": false
          },
          {
            "title": "\"after each\" hook: After",
            "fullTitle": "CCD login logout & feedback functionality \"after each\" hook: After",
            "timedOut": false,
            "duration": 1,
            "pass": false,
            "fail": false,
            "pending": false,
            "code": "",
            "err": {},
            "isRoot": false,
            "uuid": "4f0bd245-feb0-4fb8-bffc-29663be83d5e",
            "isHook": true,
            "skipped": false
          },
          {
            "title": "\"after each\" hook: finalize codeceptjs for \"Invalid Signin\"",
            "fullTitle": "CCD login logout & feedback functionality \"after each\" hook: finalize codeceptjs for \"Invalid Signin\"",
            "timedOut": false,
            "duration": 11,
            "state": "failed",
            "pass": false,
            "fail": true,
            "pending": false,
            "code": "scenario.teardown(suite)",
            "err": {
              "message": "NoSuchAlertError: no such alert\n  (Session info: chrome=67.0.3396.62)\n  (Driver info: chromedriver=2.39.562713 (dd642283e958a93ebf6891600db055f1f1b4f3b2),platform=Mac OS X 10.12.6 x86_64)",
              "estack": "no such alert\n  (Session info: chrome=67.0.3396.62)\n  (Driver info: chromedriver=2.39.562713 (dd642283e958a93ebf6891600db055f1f1b4f3b2),platform=Mac OS X 10.12.6 x86_64)"
            },
            "isRoot": false,
            "uuid": "4eda700a-10a2-49d1-8ba8-05ae3174aed6",
            "isHook": true,
            "skipped": false
          }
        ],
        "tests": [
          {
            "title": "Invalid Signin",
            "fullTitle": "CCD login logout & feedback functionality: Invalid Signin",
            "timedOut": false,
            "duration": 944,
            "state": "failed",
            "pass": false,
            "fail": true,
            "pending": false,
            "code": "I.invalidSignIn();",
            "err": {
              "message": "Error: Error while waiting for Protractor to sync with the page: \"Could not find testability for element.\"",
              "estack": "Error while waiting for Protractor to sync with the page: \"Could not find testability for element.\"\n\nScenario Steps:\n\n- I.see(\"Sign in\") at Object.invalidSignIn (codecept-e2e/pages/signin/invalidSignIn.js:7:7)\n\n"
            },
            "isRoot": false,
            "uuid": "97fb8885-9dea-4aa7-8c8d-217e7a5b78cf",
            "isHook": false,
            "skipped": false
          }
        ],
        "suites": [],
        "passes": [],
        "failures": [
          "97fb8885-9dea-4aa7-8c8d-217e7a5b78cf"
        ],
        "pending": [],
        "skipped": [],
        "duration": 944,
        "root": false,
        "rootEmpty": false,
        "_timeout": 0
      }
    ],
    "passes": [],
    "failures": [],
    "pending": [],
    "skipped": [],
    "duration": 0,
    "root": true,
    "rootEmpty": true,
    "_timeout": 0
  },
  "copyrightYear": 2018
}